<?xml version="1.0" encoding="UTF-8"?>
<testng-results ignored="0" total="1" passed="1" failed="0" skipped="0">
  <reporter-output>
  </reporter-output>
  <suite started-at="2020-03-02T10:57:10 GMT-08:00" name="Default suite" finished-at="2020-03-02T10:57:53 GMT-08:00" duration-ms="42317">
    <groups>
    </groups>
    <test started-at="2020-03-02T10:57:10 GMT-08:00" name="Default test" finished-at="2020-03-02T10:57:53 GMT-08:00" duration-ms="42317">
      <class name="testscripts.testscript02">
        <test-method signature="testtwo()[pri:0, instance:testscripts.testscript02@79ad8b2f]" started-at="2020-03-02T10:57:10 GMT-08:00" name="testtwo" finished-at="2020-03-02T10:57:53 GMT-08:00" duration-ms="42255" status="PASS">
          <reporter-output>
          </reporter-output>
        </test-method> <!-- testtwo -->
      </class> <!-- testscripts.testscript02 -->
    </test> <!-- Default test -->
  </suite> <!-- Default suite -->
</testng-results>
